JMAN LOGFILE: /home/pg/users/elliot/log/5394_Dose_calib_MaN_soi.log

installing beams environment v09_16a 
installing pg environment
installing aliases
installing operator environment
Installing project pg environment
Set umask to 0002
ce pg elliot
Installing project elliot environment
pg select holder 10
/home/pg/users/elliot/jobs/Dose_calib_MaN_soi.job -f 61151,43987
script_init: installing error handlers
reference = faradaycup
ref1 = 61151,43987
###########################################
###########################################
/home/pg/users/elliot/jobs/Dose_calib_MaN_soi.job 61151,43987
Fri Nov 15 01:58:14 AEST 2024
###########################################
###########################################
#! /bin/bash

########################################################
#
# Copyright © 2024 RAITH nanofabrication
# This script is automatically generated by:
#    cjob:  v02_22
#    beams: v09_16a
#    date:  Thu Nov 14 17:22:11 2024
#
########################################################

# for help use: 
#   $0 -h       
#               
#
# Estitmated exposure times WITH calibration and marker searches:
#
#                                                        Stage Moves+
# Pattern                   cnt  Min Freq    Max Freq    Beam On     +Over Head
# -----------------------------------------------------------------------------
# MaN_Si_2nm.gpf              1  36.179 MHz  36.179 MHz  01:56:07 h  ??:??:??
# txt2_AP300_500pA_bss2...    1  10.110 MHz  10.110 MHz  00:00:20 h  ??:??:??
# txt2_AP300_1nA_bss5.gpf     1  10.110 MHz  10.110 MHz  00:00:16 h  ??:??:??
# txt2_AP400_1nA_bss5.gpf     1  10.110 MHz  10.110 MHz  00:00:16 h  ??:??:??
# MaN_Si_5nm.gpf              2  11.609 MHz  11.609 MHz  01:56:03 h  ??:??:??
#                       5 Stage moves between patterns:  00:00:01 h  00:00:01 h
#                           Estimated Load Holder Time:              00:04:00 h
#                           Estimated Adjust EBPG Time:              00:06:00 h
#                         Estimated Marker Search Time:              ??:??:??
#                        Total Estimated Exposure Time:  03:53:03 h  ??:??:??


# include error handling
. script_init_template

# No Alignment
. cjob_func   #   #um
unset no_error_exit


########################################################
#
# execute task for exposure : MaN_Si
#
########################################################

if [ -z "$cjob_lay" ]; then

  export cjob_jobname=Dose_calib
  export cjob_hightension=100
  export cjob_workdistance=40
  export cjob_sample=15000,15000   #um,um; mask-widht,height

  if [ "$help" != true ]; then 
    # log this script to log file
    echo "###########################################"
    echo "###########################################"
    
    echo $0 $@
    date
    
    echo "###########################################"
    echo "###########################################"
    
    cat $0
    
    echo "###########################################"
    echo "###########################################"
    echo ""
    
    # set default machine specific conditions here

    if [ -r "$CJ_INI" ]; then
      . $CJ_INI
    fi

    # optional file user specific machine conditions

    if [ -r "$CJ_USER_INI" ]; then
      . $CJ_USER_INI
    fi

    # define here optionally for each marker
    cjob_check $0
    # clear any inheritage from environment
    do_clear

    if [ "$reference" != "" ]; then 
      export cjob_reference=$reference
    fi

    if [ "$JMAN_LOAD_SELECT" != "done" ]; then
      if [ "$holder" == "" ]; then 
        cjob_usage
        do_exit 0
      fi
      export cjob_holder=$holder

      if [ "$caspos" == "" ]; then 
        cjob_usage
        do_exit 0
      fi
      export cjob_caspos=$caspos

      # load holder (optional)and define holder parameters
      
      cjob_substrate

    fi
    # optional file job specific machine conditions

    inifile=`echo ${0%%.job}.ini`
    if [ -r "$inifile" ]; then
      . $inifile
    fi
  fi # not help

  export cjob_beam="0na5_300.beam_100"
  export cjob_pattern="MaN_Si_2nm.gpf"
  export cjob_dose=350.0

 #export cjob_height=none | check | current_map | measure_map | marker_map
  export cjob_height=check

  #export cjob_check_maindist=on
  #export cjob_check_mainfield=on
  #export cjob_check_xmbc=on
  #export cjob_check_xmbq=on

  # position of substrate
  export cjob_position="0.0,0.0"
  export cjob_bound_bottomleft="-2262.5,-2504.0"
  export cjob_bound_topright="2262.5,2354.375"
  export cjob_origin="0.0,0.0"

  if [ "$help" = true ]; then
    . cjob_help $all
    do_exit 0
  fi
  # Insert here additional machine parameter settings
  # for this exposure layer
  
  export no_error_exit=yes
  cjob_layout $0 MaN_Si $cjob_ref1 $cjob_ref2 $cjob_ref3 $cjob_ref4

  cjob_exitstatus=$?
  jobstatus=NORMAL
  if [ "$cjob_exitstatus" != 0 ]; then
    jobstatus=ERROR
  fi
  # optional file job specific exit conditions

  exifile=`echo ${0%%.job}.exi`
  if [ -r "$exifile" ]; then
    . $exifile $jobstatus
  fi

  # optional file user specific exit conditions

  if [ -r "$CJ_USER_EXI" ]; then
    . $CJ_USER_EXI $jobstatus
  fi

  # set default machine exit specific conditions here

  if [ -r "$CJ_EXI" ]; then
    . $CJ_EXI $jobstatus
  fi

  exit $cjob_exitstatus
fi

if [ "$cjob_lay" == "MaN_Si" ]; then

  ############################
  # Exposure        MaN_Si
  # Main Resolution 0.0005
  # Sub Resolution  0.0005
  # Main Field      200
  # beam            0na5_300.beam_100
  
  # setup repetition layout

  do_clear_layout

  export cjob_scanorder=serpentine
  export cjob_vect1="2500.0,0.0"
  export cjob_vect2="0.0,2500.0"
  export cjob_cells="2,2"
 
  do_clear_dropcirc
  # User Defined Plugins
  export cjob_plugin_1="2x2_PLUGIN 1,1"
 
  export cjob_origin="0.0,0.0"
  cjob_do $0 2x2

  ############################
  # Exposure        MaN_Si
  # Resolution      0.005
  
  do_clear_layout
  
  export cjob_beam="1na_400.beam_100"
  export cjob_calib_method="pattern"
  export cjob_pattern="MaN_Si_5nm.gpf"
  export cjob_dose=400.0
  
  # Insert here additional machine parameter settings
  # for this exposure layer
  
  cjob_init

  # setup repetition layout

  do_clear_layout

  export cjob_scanorder=serpentine
  export cjob_vect1="2500.0,0.0"
  export cjob_vect2="0.0,2500.0"
  export cjob_cells="2,2"
 
  do_clear_dropcirc
  # User Defined Plugins
  export cjob_plugin_1="2x2_2nd_PLUGIN 1,1"
  export cjob_plugin_2="2x2_3rd_PLUGIN 1,2"
  export cjob_plugin_3="2x2_4th_PLUGIN 2,2"
 
  export cjob_origin="0.0,0.0"
  cjob_do $0 2x2_2nd

  ############################
  # Exposure        MaN_Si
  # Main Resolution 0.0005
  # Sub Resolution  0.0005
  # Main Field      200
  # beam            1na_300.beam_100
  
  do_clear_layout
  
  export cjob_beam="1na_300.beam_100"
  export cjob_pattern="MaN_Si_5nm.gpf"
  export cjob_dose=350.0
  
  # Insert here additional machine parameter settings
  # for this exposure layer
  
  cjob_init

  # setup repetition layout

  do_clear_layout

  export cjob_scanorder=serpentine
  export cjob_vect1="2500.0,0.0"
  export cjob_vect2="0.0,2500.0"
  export cjob_cells="2,2"
 
  do_clear_dropcirc
  # User Defined Plugins
  export cjob_plugin_1="2x2_5th_PLUGIN 1,2"
  export cjob_plugin_2="2x2_6th_PLUGIN 2,2"
 
  export cjob_origin="0.0,0.0"
  cjob_do $0 2x2_3rd

fi


########################################################
#
# execute task for layout : 2x2
#
########################################################

if [ "$cjob_lay" == "2x2" ]; then

  :
fi


########################################################
#
# execute task for plugin : 2x2_PLUGIN
#
########################################################

if [ "$cjob_lay" == "2x2_PLUGIN" ]; then

  # clear alignment
  do_clear_dw

  do_clear_dropcirc
  # setup expose pattern
  export cjob_pattern="MaN_Si_2nm.gpf"
  export cjob_dose=350.0

  export cjob_origin="0.0,0.0"

  cjob_do pattern

  # Clear dose update for pattern-identifiers
  do_clear_dose
  
fi


########################################################
#
# execute task for layout : 2x2_2nd
#
########################################################

if [ "$cjob_lay" == "2x2_2nd" ]; then

  :
fi


########################################################
#
# execute task for plugin : 2x2_2nd_PLUGIN
#
########################################################

if [ "$cjob_lay" == "2x2_2nd_PLUGIN" ]; then

  # Clear dose update for pattern-identifiers
  do_clear_dose
  
  # clear alignment
  do_clear_dw
  do_clear_dropcirc
  # setup expose identifier
  export cjob_beam="1na_400.beam_100"
  export cjob_calib_method="pattern"
  export cjob_calib_pattern="MaN_Si_5nm.gpf"
  export cjob_dose=400.0

  export cjob_identifier_type=text
  export cjob_fontname="helvetica"
  export cjob_fontweight=medium # medium, bold
  export cjob_fontslant=r       # r, o, i
  export cjob_fontsize=25

  export cjob_identifier="AP300_500pA_bss2"
  export cjob_identifier_layout=2x2
  export cjob_identifier_pattern="MaN_Si_2nm.gpf"
  export cjob_identifier_dose=350     # uC/cm2
  export cjob_identifier_beam="0na5_300.beam_100"
  export cjob_identifier_current=0.5065  # nA
  export cjob_identifier_bss=0.002      # um

  export cjob_orientation=normal
  export cjob_placement=center,line
  export cjob_invert=0
  export cjob_pixelsize=2,2

  export cjob_origin="0.0,-1200.0"

  cjob_do identifier

fi


########################################################
#
# execute task for plugin : 2x2_3rd_PLUGIN
#
########################################################

if [ "$cjob_lay" == "2x2_3rd_PLUGIN" ]; then

  # Clear dose update for pattern-identifiers
  do_clear_dose
  
  # clear alignment
  do_clear_dw
  do_clear_dropcirc
  # setup expose identifier
  export cjob_beam="1na_400.beam_100"
  export cjob_calib_method="pattern"
  export cjob_calib_pattern="MaN_Si_5nm.gpf"
  export cjob_dose=400.0

  export cjob_identifier_type=text
  export cjob_fontname="helvetica"
  export cjob_fontweight=medium # medium, bold
  export cjob_fontslant=r       # r, o, i
  export cjob_fontsize=25

  export cjob_identifier="AP300_1nA_bss5"
  export cjob_identifier_layout=2x2
  export cjob_identifier_pattern="MaN_Si_5nm.gpf"
  export cjob_identifier_dose=350     # uC/cm2
  export cjob_identifier_beam="1na_300.beam_100"
  export cjob_identifier_current=1.0158  # nA
  export cjob_identifier_bss=0.005      # um

  export cjob_orientation=normal
  export cjob_placement=center,line
  export cjob_invert=0
  export cjob_pixelsize=2,2

  export cjob_origin="0.0,-1200.0"

  cjob_do identifier

fi


########################################################
#
# execute task for plugin : 2x2_4th_PLUGIN
#
########################################################

if [ "$cjob_lay" == "2x2_4th_PLUGIN" ]; then

  # Clear dose update for pattern-identifiers
  do_clear_dose
  
  # clear alignment
  do_clear_dw
  do_clear_dropcirc
  # setup expose identifier
  export cjob_beam="1na_400.beam_100"
  export cjob_calib_method="pattern"
  export cjob_calib_pattern="MaN_Si_5nm.gpf"
  export cjob_dose=400.0

  export cjob_identifier_type=text
  export cjob_fontname="helvetica"
  export cjob_fontweight=medium # medium, bold
  export cjob_fontslant=r       # r, o, i
  export cjob_fontsize=25

  export cjob_identifier="AP400_1nA_bss5"
  export cjob_identifier_layout=2x2
  export cjob_identifier_pattern="MaN_Si_5nm.gpf"
  export cjob_identifier_dose=350     # uC/cm2
  export cjob_identifier_beam="1na_300.beam_100"
  export cjob_identifier_current=1.0158  # nA
  export cjob_identifier_bss=0.005      # um

  export cjob_orientation=normal
  export cjob_placement=center,line
  export cjob_invert=0
  export cjob_pixelsize=2,2

  export cjob_origin="0.0,-1200.0"

  cjob_do identifier

fi


########################################################
#
# execute task for layout : 2x2_3rd
#
########################################################

if [ "$cjob_lay" == "2x2_3rd" ]; then

  :
fi


########################################################
#
# execute task for plugin : 2x2_5th_PLUGIN
#
########################################################

if [ "$cjob_lay" == "2x2_5th_PLUGIN" ]; then

  # clear alignment
  do_clear_dw

  do_clear_dropcirc
  # setup expose pattern
  export cjob_pattern="MaN_Si_5nm.gpf"
  export cjob_dose=350.0

  export cjob_origin="0.0,0.0"

  cjob_do pattern

  # Clear dose update for pattern-identifiers
  do_clear_dose
  
fi


########################################################
#
# execute task for plugin : 2x2_6th_PLUGIN
#
########################################################

if [ "$cjob_lay" == "2x2_6th_PLUGIN" ]; then

  # clear alignment
  do_clear_dw

  do_clear_dropcirc
  # setup expose pattern
  export cjob_pattern="MaN_Si_5nm.gpf"
  export cjob_dose=350.0

  export cjob_origin="0.0,0.0"

  cjob_do pattern

  # Clear dose update for pattern-identifiers
  do_clear_dose
  
fi

do_exit 0
###########################################
###########################################

Set up default machine parameters
script_init: installing error handlers
MACHINE: EBPG 5150 HS
MACH ID: B063
BEAMS  : v09_16a build: Thu Jun 20 12:04:10 CEST 2024

DATA BASE: 0002.0018

UPG:
  Software : 4.60
  Board    : crate 15: pev-linux
  Driver   : 4.60

UPG:
  Firmware version : 05.00.230704.0fda48a46
  PG PLD version   : 1.0.5 build 337 (0x08050151)

ALD:
  ALD type         : OLD TYPE ALD

MDD:
  MDD type         : MDD
  EI-link version  : 6
  PG-link version  : 9
  MDAC version     : 0
  MDAC strike,issue: 0,0
  MDAC bits        : 20
  MDAC corr bits   : 16

MDP:
  MDP_X type      : old type MDP
  MDP_X Firmware  : 3
  MDP_X boardType : HR/HS defined by hardware (0)
  MDP_Y type      : old type MDP
  MDP_Y Firmware  : 3
  MDP_Y boardType : HR/HS defined by hardware (0)

TDD:
  TDD_X type      : old type TDD
  TDD_Y type      : old type TDD

Video Driver:
  PMD board       : old type PMD

Beam Blanker:
  BBS board       : old type BBS

LSC:
  X: LSC 03.00.86
  Y: LSC 03.00.86

SMC:
  Longitudinal: 1VE SMC_CC - Controller-driver version  3. 1. 2
  Transversal : 2VE SMC_CC - Controller-driver version  3. 1. 2
  connection  : via ethernet
  options     : full, including adjust aperture

HT:
  FUG high tension unit

Vacuum Controller:
  SPLC 2.06

cjob_check:

Pattern name         : MaN_Si_2nm.gpf
File name            : /home/pg/users/elliot/patterns/MaN_Si_2nm.gpf

Format               : GPF: external memory mode
Shape Type           : TRAPEZIUM
Number of Blocks     : 90
Main field placement : FLOATING
Sub field placement  : LOWERLEFT
Fracture style       : SUBFIELD HIGHRESOLUTION
Number of Main bits  : 20
Number of Sub bits   : 14
Work Level           : 1
Number freq. factors : 153
Minimum frequency    : 0.408397
Maximum frequency    : 1.853225
Reference frequency    : 0x80000000
Pixel time           : 251474315856.000000 (2.51474e+11)
High Tension         : 100 kV
Block size           :       200.00000000 um,      200.00000000 um
Pattern size         :      2025.00000000 um,     2208.75000000 um
Resolution           :         0.00200000 um
Beamstepsize         :         0.00200000 um
Main resolution      :         0.00050000 um
Trap resolution      :         0.00050000 um


Pattern name         : MaN_Si_5nm.gpf
File name            : /home/pg/users/elliot/patterns/MaN_Si_5nm.gpf

Format               : GPF: external memory mode
Shape Type           : TRAPEZIUM
Number of Blocks     : 90
Main field placement : FLOATING
Sub field placement  : LOWERLEFT
Fracture style       : SUBFIELD HIGHRESOLUTION
Number of Main bits  : 20
Number of Sub bits   : 14
Work Level           : 1
Number freq. factors : 153
Minimum frequency    : 0.408397
Maximum frequency    : 1.853225
Reference frequency    : 0x80000000
Pixel time           : 40232649278.000000 (4.02326e+10)
High Tension         : 100 kV
Block size           :       200.00000000 um,      200.00000000 um
Pattern size         :      2025.00000000 um,     2208.75000000 um
Resolution           :         0.00500000 um
Beamstepsize         :         0.00500000 um
Main resolution      :         0.00050000 um
Trap resolution      :         0.00050000 um


Archive: 0na5_300.beam_100               Date: 11-NOV-2024 
Version Beam      4.00

High Tension           :      100 kV     Final Aperture      :      300 um

Gun control :
bias voltage           :  -400.00  V     filament current    :     2.31  A
Extractor   voltage    :  5850.00  V     current             :   190.05 uA
tilt  X         42152  :   39.143 mA     tilt  Y      38686  :   22.980 mA
shift X         25800  :  -27.049 mA     shift Y      21800  :  -23.093 mA
AD setpoint dac 100kV  :     4095

Lens control:
Final lens      40940  :  3.99825  A
C1 setting      17131  : 3426.200  V     C2 setting   29971  :  0.95065  A

Beam quality:
Fine Focus dac         :     1962
Diagonal Stigmator dac :     2396        Axis Stigmator dac  :     2209

measured spotsize      :    0.018 um     beamcurrent         :      506 pA
PMHV setting (dac)     :     1663
BEAMPAR setting        :     60.0 s

cjob_layout:
remove dot files from $PG_PATTERNS/cjob
reference = faradaycup
faradaycup reference 14820.000000,20490.000000
height_option 1
pg measure height substrate --centre=75971.000000,64402.187500 --size=4072.500000,4372.537500 --maxbadpoints=0
                 measured heights in um on the substrate     
                 ---------------------------------------     
                                                             
                73.935            75.971              78.007
                                                             
             +----------------------------------------------+
             |                                              |
             |                                              |
      66.588 |  22.0              22.5                23.1  |
             |                                              |
             |                                              |
             |                                              |
             |                                              |
      64.402 |  21.9              22.6                23.1  |
             |                                              |
             |                                              |
             |                                              |
             |                                              |
      62.216 |  21.7              22.2                22.8  |
             |                                              |
             |                                              |
    y  ^     +----------------------------------------------+
       |                                                     
       +---> x                                               
    average height 22.4_um
cjob_clear: pg layout clear
cjob_clear: pg deselect map substrate

cjob_calibrate:
pg deselect pattern
pg select pattern MaN_Si_2nm.gpf
pg archive restore beam 0na5_300.beam_100
 Delay with 60_s
 Type Ctrl-C to abort or change BEAMPAR to alter delay 
..............................


Automatic aperture changer.
Errors will be automatically adjusted by using the final lens method.
This command should finish by itselve or can be canceled with CTRL_C.

           LEFT KNOB                *          RIGHT KNOB               *
              *                    0.01               *                   -0.00
              *                    0.01               *                    0.01
Restoring final lens value
pg adjust ebpg

cjob_info:
pg information parameters

 Beams Version  :  v09_16a build: Thu Jun 20 12:04:10 CEST 2024

 MBSBASE        :  50.0_us
 MBSFACTOR      :  500_ns/um
 MBSFOCUS       :  500_ns/um

 SBSBASE        :  500_ns
 SBSFACTOR      :  500_ns/um

 IMAGEMBSBASE   :  10.0_us
 IMAGEMBSFACTOR :  100_ns/um

 IMAGESBSBASE   :  50_ns
 IMAGESBSFACTOR :  500_ns/um

 SEMMBSBASE     :  -1_ns
 SEMMBSFACTOR   :  -1_ns/um

 SEMSBSBASE     :  200_ns
 SEMSBSFACTOR   :  300_ns/um

 SEMRATE        :  0
 SEMMODE        :  8
   0: Analog Sawtooth         1: Digital Sawtooth      
   2: Digital Main Only       3: Main Only Meander     
   4: Digital Sub Preferred   5: Sub Preferred Meander 
   6: Digital Hybrid          7: Hybrid Meander        
   8: Automatic             

 MOVPAR         :  100_ms

 MDCOM          :   2.0_nm   MDCOMMAX     :  15.0_nm  
 TDCOM          :   2.0_nm   TDCOMMAX     :  15.0_nm  
 PICOM          :   2.0_nm   PICOMMAX     :  15.0_nm  

 PAUSE_EXPOSE   :  0
 Value:
   0: No Pause.
   1: Pause at start of pattern.
   2: Pause at start of block.
   3: Pause at start of DO_LOOP.

 BEAMAPERTINV   :  1  
   0 : archive restore beam: only select and adjust aperture if needed
   1 : archive restore beam: always adjust aperture 
   2 : archive restore beam: only select the aperture if needed, do not adjust 

 BCMINV         :  1    ( 0:Warning, 1:Error )
 BEAMPARINV     :  1    ( 0:Skip delay, 1:Wait BEAMPAR seconds)
 BLOCKPRINT     :  OFF

 CALINV         :  1    ( 0:Off, 1:Block, 2:Cell, 3:Marker Field )
 CALREALIGN     :  ON - abort on error
 CALPRINT       :  ON
 CALDRIFT       :   5_minutes 
 CALFULL        :  60_minutes 
 FFSHIFTINV     :  OFF  ( experimental! )

 HMAPINV        :  OFF
 HMAPTILTINV    :  OFF
 HMAPMODE       :  0    
 Value:
   0: Use calculated value.( from coefficients)
   1: Measure height, use HMAPACCURACY  = 2.0_um
   2: Measure height, use HMAPCRITERION = 3.0
   3: Measure height, use HMAPLOWLIM    = 0.0_um
                      and HMAPHIGHLIM   = 0.0_um
   4: Use interpolated value.

 HGTINV         :  ON
 HGTMODE        :  0    
 Value:
   0: Message, write cell.
   1: No message, write cell.
   2: Message, no write cell.
   3: No message, no write cell.
   4: Height measure during stage move, message write cell.
   5: Height measure during stage move, no message, write cell.
   6: Height measure during stage move, message, no write cell.
   7: Height measure during stage move, no message, no write cell.

 HEIGHTOFFSET   :  0.0 um
 MATRIX         :  OFF

 TABRC          :  2
   0: rotation compensation table disabled.
   1: rotation compensation table enabled.
   2: table enabled with interpolation routine activated.
 TABRCOFFSET    :  1,1

UPG specific:
 EXPOSUREMODE     :  0
  0 : use fracture mode from GPF file.
  1 : force upgrade to hr (high-resolution) mode.
  3 : force upgrade to hr smooth mode (UPG only)
  5 : force upgrade to hr spiral mode (UPG only)
  7 : force upgrade to hr smooth and spiral mode (UPG only).

pg information ebpg version
MACHINE: EBPG 5150 HS
MACH ID: B063
BEAMS  : v09_16a build: Thu Jun 20 12:04:10 CEST 2024

DATA BASE: 0002.0018

UPG:
  Software : 4.60
  Board    : crate 15: pev-linux
  Driver   : 4.60

UPG:
  Firmware version : 05.00.230704.0fda48a46
  PG PLD version   : 1.0.5 build 337 (0x08050151)

ALD:
  ALD type         : OLD TYPE ALD

MDD:
  MDD type         : MDD
  EI-link version  : 6
  PG-link version  : 9
  MDAC version     : 0
  MDAC strike,issue: 0,0
  MDAC bits        : 20
  MDAC corr bits   : 16

MDP:
  MDP_X type      : old type MDP
  MDP_X Firmware  : 3
  MDP_X boardType : HR/HS defined by hardware (0)
  MDP_Y type      : old type MDP
  MDP_Y Firmware  : 3
  MDP_Y boardType : HR/HS defined by hardware (0)

TDD:
  TDD_X type      : old type TDD
  TDD_Y type      : old type TDD

Video Driver:
  PMD board       : old type PMD

Beam Blanker:
  BBS board       : old type BBS

LSC:
  X: LSC 03.00.86
  Y: LSC 03.00.86

SMC:
  Longitudinal: 1VE SMC_CC - Controller-driver version  3. 1. 2
  Transversal : 2VE SMC_CC - Controller-driver version  3. 1. 2
  connection  : via ethernet
  options     : full, including adjust aperture

HT:
  FUG high tension unit

Vacuum Controller:
  SPLC 2.06


pg information select holder
Holder id          : 10
Holder name        : "AH788"
Holder description : "5"_mask"
Holder size        : 5.0_inch
Cup position       : 14.820_mm,20.490_mm
Marker position    : 11.439_mm,15.712_mm
Holder centre      : 80.000_mm,76.000_mm

pg information select pattern

Pattern name         : MaN_Si_2nm.gpf
File name            : /home/pg/users/elliot/patterns/MaN_Si_2nm.gpf

Format               : GPF: external memory mode
Shape Type           : TRAPEZIUM
Number of Blocks     : 90
Main field placement : FLOATING
Sub field placement  : LOWERLEFT
Fracture style       : SUBFIELD HIGHRESOLUTION
Number of Main bits  : 20
Number of Sub bits   : 14
Work Level           : 1
Number freq. factors : 153
Minimum frequency    : 0.408397
Maximum frequency    : 1.853225
Reference frequency    : 0x80000000
Pixel time           : 251474315856.000000 (2.51474e+11)
High Tension         : 100 kV
Block size           :       200.00000000 um,      200.00000000 um
Pattern size         :      2025.00000000 um,     2208.75000000 um
Resolution           :         0.00200000 um
Beamstepsize         :         0.00200000 um
Main resolution      :         0.00050000 um
Trap resolution      :         0.00050000 um

pg information adjust beam

Current column set-up
Last restored file: /home/pg/archive/0na5_300.beam_100
Date: 01:58 15-NOV-2024

High Tension           :      100 kV     Final Aperture      :      300 um

Gun control :
bias voltage           :  -400.00  V     filament current    :     2.31  A
Extractor   voltage    :  5850.00  V     current             :   189.90 uA
tilt  X         42152  :   39.143 mA     tilt  Y      38686  :   22.980 mA
shift X         25800  :  -27.049 mA     shift Y      21800  :  -23.093 mA
AD setpoint dac 100kV  :     4095

Lens control:
Final lens      40940  :  3.99825  A
C1 setting      17131  : 3426.200  V     C2 setting   29971  :  0.95065  A

Beam quality:
Fine Focus dac         :     1935
Diagonal Stigmator dac :     2396        Axis Stigmator dac  :     2209

measured spotsize      :    0.026 um     beamcurrent         :      502 pA
PMHV setting (dac)     :     1760
BEAMPAR setting        :     60.0 s
Spot defocussed with FL 0 bits
Spot defocussed with FFOFFSET 0 bits

pg information adjust ebpg /sensitivity

Beam diameter       :           24 nm ,           28 nm  current :  0.502 nA

resolution          :     2.000000 nm ,     2.000000 nm
beam step size      :     2.000000 nm ,     2.000000 nm
main resolution     :     0.500000 nm ,     0.500000 nm  [4,4]
trap resolution     :     0.500000 nm ,     0.500000 nm  [4,4]
max. main field size:   524.288000 um ,   524.288000 um
max. trap field size:     4.525000 um ,     4.525000 um
tdd shift           :            3666 ,            3666

main compensation               x:  200.000 um    y:  200.000 um

trap compensation               x:    4.525 um    y:    4.525 um

the deflection compensation settings:
                               main     rel  trapezium  rel  pull-in
                             (16bits)         (12bits)      (16bits)
x gain     [bit]       :      30476       0    2141       0  33953
y gain     [bit]       :      33173       0    1863       0  34191
x rotation [bit]       :      32915       0    1719       0  39543
y rotation [bit]       :      32793       0    2071       0  29603
x keystone [bit]       :      31918       0
y keystone [bit]       :      26791       0

table translation settings      x:    0.000 um    y:    0.000 um
main beam deflection settings   x:    0.000 um    y:    0.000 um

the deflection compensation sensitivities:
(with respect to centre of the deflection field)
                              main       trapezium     pull-in
                             (16bits)     (12bits)    (16bits)
x gain     [ppm/bit]   :      0.5991       13.129      1.1652
y gain     [ppm/bit]   :      0.5980       13.309      1.1481
x rotation [ppm/bit]   :      0.3059        5.946      2.3947
y rotation [ppm/bit]   :      0.3056        5.541      2.4174
x keystone [ppm/mm/bit]:      0.1018
y keystone [ppm/mm/bit]:      0.1014
Calculated frequencies:
  Base frequency   :   35.8857 MHz
  Maximum frequency:   66.5043 MHz
  Minimum frequency:   14.6556 MHz


the last adjust main comp height @ relative position ***,*** um : 
-7.900 um
Spot defocussed with FL 0 bits
Spot defocussed with FFOFFSET 0 bits

pg information dcd
Last restored file: /home/pg/archive/perftest.dcd_100
Date: 01:38 11-NOV-2024

Main:                 Trap:               Stigmator:      SEM:
mddx2    39489,28337  tddxx    2028,1930  fspascor  2047  dcvmdmzoom    1
mddx2-dac39489,28337
mddy2    33391,30013  tddxy    2141,2049  fspdscor  2047  dcvmdmpan     0,   0
mddy2-dac33391,30013
mddxy2   27644,28126  tddxxy   2048,2029  fspffcor  2047  mdpsem     2591,2175
mddyx2   36559,28302  tddxx2   2078,2100  fspasfunc    0  dcvmdmstep   32
mddx3    27496,27490  tddxy2   2130,2074  fspdsfunc    0  dcvmdmrate    5
mddy3    36979,29694  tddyx    2006,2096  fspfffunc    0
mddorth  30120,34016  tddyy    2031,2201  dcvdc       31
mdpgain   2018, 2557  tddyxy   2017,2044
mdpvout   2188,  100  tddyx2   2025,2068
mdpslow      0,    0  tddyy2   2018,2081
Beam Blanker:                             Pattern Generator:
bbsmode               PN                  beamondelay         39.00_ns
bbshvadjust           80.00_%,80.00_%     beamoffdelay        46.00_ns
bbszeroadjust          0.00_%, 0.00_%     negativecommondelay 64.00_ns

mbsbase               50000_ns            sbsbase               500_ns
mbsfactor               500_ns/um         sbsfactor             500_ns/um
mbsfocus                500_ns/um

cjob_performance:
None

script_init: installing error handlers
cjob_do: layout: 2x2
centre         [um] :  75971.000000,64477.000000
origin         [um] :  0.000000,0.000000
cells               :  2,2
vector 1       [um] :  2500.000000,0.000000
vector 2       [um] :  0.000000,2500.000000
scan mode main      :  serpentine
current mapping     :  absolute
mapping             :  
CALINV  = 1

Layout Cell 1 1 of 2x2
script_init: installing error handlers
Plugin Cell 2x2_PLUGIN
script_init: installing error handlers
lay_dose_update = 
lay_expose = 
cjob_do: expose pattern, started at 02:01:28

select pattern MaN_Si_2nm.gpf
Calculated frequencies:
  Base frequency   :   35.8857 MHz
  Maximum frequency:   66.5043 MHz
  Minimum frequency:   14.6556 MHz

Expose pattern     :  MaN_Si_2nm.gpf
       position[um]:  74721.000000,63227.000000 (map:absolute)
       dose[uC/cm2]:  350.000000
Selected map       :  
PG Mode: UPG

cal drift 02:07 ; -13_nm,-25_nm   -2.1_nm/min,-4.1_nm/min
   block: 6   Abs coord: 74.776_mm,62.335_mm

cal drift 02:14 ; -7_nm,-14_nm   -1.1_nm/min,-2.3_nm/min
   block: 8   Abs coord: 75.176_mm,62.335_mm

cal drift 02:20 ; -8_nm,-3_nm   -1.3_nm/min,-0.5_nm/min
   block: 10   Abs coord: 74.976_mm,62.535_mm

cal drift 02:26 ; -1_nm,-5_nm   -0.2_nm/min,-1.0_nm/min
   block: 12   Abs coord: 74.576_mm,62.535_mm

cal drift 02:32 ; -3_nm,0_nm   -0.6_nm/min,0.0_nm/min
   block: 15   Abs coord: 73.991_mm,62.535_mm

cal drift 02:38 ; -3_nm,-4_nm   -0.6_nm/min,-0.7_nm/min
   block: 20   Abs coord: 74.776_mm,62.735_mm

cal drift 02:43 ; -2_nm,0_nm   -0.4_nm/min,-0.1_nm/min
   block: 22   Abs coord: 75.176_mm,62.735_mm

cal drift 02:49 ; -6_nm,-3_nm   -1.3_nm/min,-0.7_nm/min
   block: 24   Abs coord: 74.976_mm,62.935_mm

cal drift 02:54 ; -1_nm,-4_nm   -0.3_nm/min,-0.9_nm/min
   block: 26   Abs coord: 74.576_mm,62.935_mm

cal drift 02:59 ; -4_nm,-3_nm   -1.0_nm/min,-0.7_nm/min
   block: 29   Abs coord: 73.991_mm,62.935_mm

cal full  03:03 ; drift: 0_nm,0_nm
shift: 2.0_nm,1.3_nm  current: 0.50_nA  delta: 0_pA  spot: 25_nm,29_nm
   block: 33   Abs coord: 74.576_mm,63.135_mm

cal drift 03:10 ; -7_nm,-5_nm   -1.0_nm/min,-0.8_nm/min
   block: 36   Abs coord: 75.176_mm,63.135_mm

cal drift 03:16 ; -10_nm,-4_nm   -1.5_nm/min,-0.6_nm/min
   block: 39   Abs coord: 74.776_mm,63.335_mm

cal drift 03:22 ; -7_nm,-2_nm   -1.4_nm/min,-0.5_nm/min
   block: 42   Abs coord: 74.176_mm,63.335_mm

cal drift 03:29 ; -6_nm,-4_nm   -0.9_nm/min,-0.7_nm/min
   block: 49   Abs coord: 74.976_mm,63.535_mm

cal drift 03:34 ; -5_nm,-5_nm   -1.0_nm/min,-1.0_nm/min
   block: 52   Abs coord: 74.976_mm,63.735_mm

cal drift 03:40 ; -6_nm,-6_nm   -1.2_nm/min,-1.2_nm/min
   block: 55   Abs coord: 74.376_mm,63.735_mm

cal drift 03:45 ; -6_nm,-5_nm   -1.2_nm/min,-1.0_nm/min
   block: 62   Abs coord: 74.776_mm,63.935_mm

cal drift 03:50 ; -8_nm,-3_nm   -1.6_nm/min,-0.7_nm/min
   block: 65   Abs coord: 75.176_mm,64.135_mm

cal drift 03:56 ; -2_nm,-5_nm   -0.5_nm/min,-1.1_nm/min
   block: 70   Abs coord: 74.576_mm,64.135_mm

cal drift 04:01 ; -7_nm,-3_nm   -1.4_nm/min,-0.7_nm/min
   block: 84   Abs coord: 75.431_mm,62.730_mm
Elapsed time for pattern 2:1:10.53

Layout Cell 2 1 of 2x2
script_init: installing error handlers

Layout Cell 2 2 of 2x2
script_init: installing error handlers

Layout Cell 1 2 of 2x2
script_init: installing error handlers

cjob_do: pg deselect map substrate
Elapsed time for layout 2x2 2:1:10.62
cjob_clear: pg layout clear
cjob_clear: pg deselect map substrate

cjob_calibrate:
pg deselect pattern
pg select pattern MaN_Si_5nm.gpf
pg archive restore beam 1na_400.beam_100
 Delay with 60_s
 Type Ctrl-C to abort or change BEAMPAR to alter delay 
..............................
The saved final aperture is not equal to the current  setting.
The correct aperture (400 um) will be selected and adjusted.
...


Automatic aperture changer.
Errors will be automatically adjusted by using the final lens method.
This command should finish by itselve or can be canceled with CTRL_C.

           LEFT KNOB                *          RIGHT KNOB               *
              *                    0.03              *I                   -0.08
              *                    0.02              *I                   -0.10
              *                    0.00              *I                   -0.07
              *                   -0.02              *I                   -0.09
              I*                   0.08               *                   -0.04
              *                   -0.00               *                    0.00
Restoring final lens value
pg adjust ebpg

cjob_info:
pg information parameters

 Beams Version  :  v09_16a build: Thu Jun 20 12:04:10 CEST 2024

 MBSBASE        :  50.0_us
 MBSFACTOR      :  500_ns/um
 MBSFOCUS       :  500_ns/um

 SBSBASE        :  500_ns
 SBSFACTOR      :  500_ns/um

 IMAGEMBSBASE   :  10.0_us
 IMAGEMBSFACTOR :  100_ns/um

 IMAGESBSBASE   :  50_ns
 IMAGESBSFACTOR :  500_ns/um

 SEMMBSBASE     :  -1_ns
 SEMMBSFACTOR   :  -1_ns/um

 SEMSBSBASE     :  200_ns
 SEMSBSFACTOR   :  300_ns/um

 SEMRATE        :  0
 SEMMODE        :  8
   0: Analog Sawtooth         1: Digital Sawtooth      
   2: Digital Main Only       3: Main Only Meander     
   4: Digital Sub Preferred   5: Sub Preferred Meander 
   6: Digital Hybrid          7: Hybrid Meander        
   8: Automatic             

 MOVPAR         :  100_ms

 MDCOM          :   2.0_nm   MDCOMMAX     :  15.0_nm  
 TDCOM          :   2.0_nm   TDCOMMAX     :  15.0_nm  
 PICOM          :   2.0_nm   PICOMMAX     :  15.0_nm  

 PAUSE_EXPOSE   :  0
 Value:
   0: No Pause.
   1: Pause at start of pattern.
   2: Pause at start of block.
   3: Pause at start of DO_LOOP.

 BEAMAPERTINV   :  1  
   0 : archive restore beam: only select and adjust aperture if needed
   1 : archive restore beam: always adjust aperture 
   2 : archive restore beam: only select the aperture if needed, do not adjust 

 BCMINV         :  1    ( 0:Warning, 1:Error )
 BEAMPARINV     :  1    ( 0:Skip delay, 1:Wait BEAMPAR seconds)
 BLOCKPRINT     :  OFF

 CALINV         :  1    ( 0:Off, 1:Block, 2:Cell, 3:Marker Field )
 CALREALIGN     :  ON - abort on error
 CALPRINT       :  ON
 CALDRIFT       :   5_minutes 
 CALFULL        :  60_minutes 
 FFSHIFTINV     :  OFF  ( experimental! )

 HMAPINV        :  OFF
 HMAPTILTINV    :  OFF
 HMAPMODE       :  0    
 Value:
   0: Use calculated value.( from coefficients)
   1: Measure height, use HMAPACCURACY  = 2.0_um
   2: Measure height, use HMAPCRITERION = 3.0
   3: Measure height, use HMAPLOWLIM    = 0.0_um
                      and HMAPHIGHLIM   = 0.0_um
   4: Use interpolated value.

 HGTINV         :  ON
 HGTMODE        :  0    
 Value:
   0: Message, write cell.
   1: No message, write cell.
   2: Message, no write cell.
   3: No message, no write cell.
   4: Height measure during stage move, message write cell.
   5: Height measure during stage move, no message, write cell.
   6: Height measure during stage move, message, no write cell.
   7: Height measure during stage move, no message, no write cell.

 HEIGHTOFFSET   :  0.0 um
 MATRIX         :  OFF

 TABRC          :  2
   0: rotation compensation table disabled.
   1: rotation compensation table enabled.
   2: table enabled with interpolation routine activated.
 TABRCOFFSET    :  1,1

UPG specific:
 EXPOSUREMODE     :  0
  0 : use fracture mode from GPF file.
  1 : force upgrade to hr (high-resolution) mode.
  3 : force upgrade to hr smooth mode (UPG only)
  5 : force upgrade to hr spiral mode (UPG only)
  7 : force upgrade to hr smooth and spiral mode (UPG only).

pg information ebpg version
MACHINE: EBPG 5150 HS
MACH ID: B063
BEAMS  : v09_16a build: Thu Jun 20 12:04:10 CEST 2024

DATA BASE: 0002.0018

UPG:
  Software : 4.60
  Board    : crate 15: pev-linux
  Driver   : 4.60

UPG:
  Firmware version : 05.00.230704.0fda48a46
  PG PLD version   : 1.0.5 build 337 (0x08050151)

ALD:
  ALD type         : OLD TYPE ALD

MDD:
  MDD type         : MDD
  EI-link version  : 6
  PG-link version  : 9
  MDAC version     : 0
  MDAC strike,issue: 0,0
  MDAC bits        : 20
  MDAC corr bits   : 16

MDP:
  MDP_X type      : old type MDP
  MDP_X Firmware  : 3
  MDP_X boardType : HR/HS defined by hardware (0)
  MDP_Y type      : old type MDP
  MDP_Y Firmware  : 3
  MDP_Y boardType : HR/HS defined by hardware (0)

TDD:
  TDD_X type      : old type TDD
  TDD_Y type      : old type TDD

Video Driver:
  PMD board       : old type PMD

Beam Blanker:
  BBS board       : old type BBS

LSC:
  X: LSC 03.00.86
  Y: LSC 03.00.86

SMC:
  Longitudinal: 1VE SMC_CC - Controller-driver version  3. 1. 2
  Transversal : 2VE SMC_CC - Controller-driver version  3. 1. 2
  connection  : via ethernet
  options     : full, including adjust aperture

HT:
  FUG high tension unit

Vacuum Controller:
  SPLC 2.06


pg information select holder
Holder id          : 10
Holder name        : "AH788"
Holder description : "5"_mask"
Holder size        : 5.0_inch
Cup position       : 14.820_mm,20.490_mm
Marker position    : 11.439_mm,15.712_mm
Holder centre      : 80.000_mm,76.000_mm

pg information select pattern

Pattern name         : MaN_Si_5nm.gpf
File name            : /home/pg/users/elliot/patterns/MaN_Si_5nm.gpf

Format               : GPF: external memory mode
Shape Type           : TRAPEZIUM
Number of Blocks     : 90
Main field placement : FLOATING
Sub field placement  : LOWERLEFT
Fracture style       : SUBFIELD HIGHRESOLUTION
Number of Main bits  : 20
Number of Sub bits   : 14
Work Level           : 1
Number freq. factors : 153
Minimum frequency    : 0.408397
Maximum frequency    : 1.853225
Reference frequency    : 0x80000000
Pixel time           : 40232649278.000000 (4.02326e+10)
High Tension         : 100 kV
Block size           :       200.00000000 um,      200.00000000 um
Pattern size         :      2025.00000000 um,     2208.75000000 um
Resolution           :         0.00500000 um
Beamstepsize         :         0.00500000 um
Main resolution      :         0.00050000 um
Trap resolution      :         0.00050000 um

pg information adjust beam

Current column set-up
Last restored file: /home/pg/archive/1na_400.beam_100
Date: 04:02 15-NOV-2024

High Tension           :      100 kV     Final Aperture      :      400 um

Gun control :
bias voltage           :  -400.00  V     filament current    :     2.31  A
Extractor   voltage    :  5850.00  V     current             :   190.03 uA
tilt  X         42110  :   38.968 mA     tilt  Y      38434  :   22.002 mA
shift X         25800  :  -27.049 mA     shift Y      21800  :  -23.093 mA
AD setpoint dac 100kV  :     4095

Lens control:
Final lens      40940  :  3.99825  A
C1 setting      17443  : 3488.600  V     C2 setting   30006  :  0.95137  A

Beam quality:
Fine Focus dac         :     1949
Diagonal Stigmator dac :     2381        Axis Stigmator dac  :     2201

measured spotsize      :    0.029 um     beamcurrent         :    1.008 nA
PMHV setting (dac)     :     1997
BEAMPAR setting        :     60.0 s
Spot defocussed with FL 0 bits
Spot defocussed with FFOFFSET 0 bits

pg information adjust ebpg /sensitivity

Beam diameter       :           26 nm ,           31 nm  current :  1.008 nA

resolution          :     5.000000 nm ,     5.000000 nm
beam step size      :     5.000000 nm ,     5.000000 nm
main resolution     :     0.500000 nm ,     0.500000 nm  [10,10]
trap resolution     :     0.500000 nm ,     0.500000 nm  [10,10]
max. main field size:   524.288000 um ,   524.288000 um
max. trap field size:     4.525000 um ,     4.525000 um
tdd shift           :            3666 ,            3666

main compensation               x:  200.000 um    y:  200.000 um

trap compensation               x:    4.525 um    y:    4.525 um

the deflection compensation settings:
                               main     rel  trapezium  rel  pull-in
                             (16bits)         (12bits)      (16bits)
x gain     [bit]       :      30482       0    2133       0  33953
y gain     [bit]       :      33153       0    1882       0  34191
x rotation [bit]       :      33028       0    1737       0  39543
y rotation [bit]       :      32697       0    2001       0  29603
x keystone [bit]       :      32421       0
y keystone [bit]       :      26860       0

table translation settings      x:    0.000 um    y:    0.000 um
main beam deflection settings   x:    0.000 um    y:    0.000 um

the deflection compensation sensitivities:
(with respect to centre of the deflection field)
                              main       trapezium     pull-in
                             (16bits)     (12bits)    (16bits)
x gain     [ppm/bit]   :      0.5991       13.129      1.1652
y gain     [ppm/bit]   :      0.5980       13.309      1.1481
x rotation [ppm/bit]   :      0.3059        5.946      2.3947
y rotation [ppm/bit]   :      0.3056        5.541      2.4174
x keystone [ppm/mm/bit]:      0.1018
y keystone [ppm/mm/bit]:      0.1014
Calculated frequencies:
  Base frequency   :   10.0760 MHz
  Maximum frequency:   18.6731 MHz
  Minimum frequency:    4.1150 MHz


the last adjust main comp height @ relative position ***,*** um : 
-7.900 um
Spot defocussed with FL 0 bits
Spot defocussed with FFOFFSET 0 bits

pg information dcd
Last restored file: /home/pg/archive/perftest.dcd_100
Date: 01:38 11-NOV-2024

Main:                 Trap:               Stigmator:      SEM:
mddx2    39489,28337  tddxx    2028,1930  fspascor  2047  dcvmdmzoom    1
mddx2-dac39489,28337
mddy2    33391,30013  tddxy    2141,2049  fspdscor  2047  dcvmdmpan     0,   0
mddy2-dac33391,30013
mddxy2   27644,28126  tddxxy   2048,2029  fspffcor  2047  mdpsem     2591,2175
mddyx2   36559,28302  tddxx2   2078,2100  fspasfunc    0  dcvmdmstep   32
mddx3    27496,27490  tddxy2   2130,2074  fspdsfunc    0  dcvmdmrate    5
mddy3    36979,29694  tddyx    2006,2096  fspfffunc    0
mddorth  30120,34016  tddyy    2031,2201  dcvdc       31
mdpgain   2018, 2557  tddyxy   2017,2044
mdpvout   2188,  100  tddyx2   2025,2068
mdpslow      0,    0  tddyy2   2018,2081
Beam Blanker:                             Pattern Generator:
bbsmode               PN                  beamondelay         39.00_ns
bbshvadjust           80.00_%,80.00_%     beamoffdelay        46.00_ns
bbszeroadjust          0.00_%, 0.00_%     negativecommondelay 64.00_ns

mbsbase               50000_ns            sbsbase               500_ns
mbsfactor               500_ns/um         sbsfactor             500_ns/um
mbsfocus                500_ns/um

cjob_performance:
None

cjob_do: layout: 2x2_2nd
centre         [um] :  75971.000000,64477.000000
origin         [um] :  0.000000,0.000000
cells               :  2,2
vector 1       [um] :  2500.000000,0.000000
vector 2       [um] :  0.000000,2500.000000
scan mode main      :  serpentine
current mapping     :  absolute
mapping             :  
CALINV  = 1

Layout Cell 1 1 of 2x2_2nd
script_init: installing error handlers
Plugin Cell 2x2_2nd_PLUGIN
script_init: installing error handlers
lay_expose = 
cjob_do: expose identifier
layer identifier       : AP300_500pA_bss2
id                     : AP300_500pA_bss2
sym                    :                 
font                   : helvetica
ascent                 : 0
descent                : 0
bitmap width           : 219
bitmap height          : 0
invert                 : 0
orientation            : NORMAL
placement              : CENTER,LINE
pixelsize              : 2.000000,2.000000 um

sub_msf                : 10,10
high tension           : 100.000000 kV
resolution             : 5.000000,5.000000 nm
beamstepsize           : 5.000000,5.000000 nm
main resolution        : 0.500000,0.500000 nm
sub resolution         : 0.500000,0.500000 nm
main_bits              : 20
sub_bits               : 14
main_msf               : 10,10
sub_msf                : 10,10
max main field         : 524.288000 um
max sub field          : 4.525000 um
Open record file /home/pg/users/elliot/patterns/cjob/.identifier for writing!

Pattern name         : MaN_Si_5nm.gpf
File name            : /home/pg/users/elliot/patterns/MaN_Si_5nm.gpf

Format               : GPF: external memory mode
Shape Type           : TRAPEZIUM
Number of Blocks     : 90
Main field placement : FLOATING
Sub field placement  : LOWERLEFT
Fracture style       : SUBFIELD HIGHRESOLUTION
Number of Main bits  : 20
Number of Sub bits   : 14
Work Level           : 1
Number freq. factors : 153
Minimum frequency    : 0.408397
Maximum frequency    : 1.853225
Reference frequency    : 0x80000000
Pixel time           : 40232649278.000000 (4.02326e+10)
High Tension         : 100 kV
Block size           :       200.00000000 um,      200.00000000 um
Pattern size         :      2025.00000000 um,     2208.75000000 um
Resolution           :         0.00500000 um
Beamstepsize         :         0.00500000 um
Main resolution      :         0.00050000 um
Trap resolution      :         0.00050000 um
select pattern /home/pg/users/elliot/patterns/cjob/identifier_1731607509030406.gpf
Calculated base frequency:   10.0760 MHz
Expose pattern     :  /home/pg/users/elliot/patterns/cjob/identifier_1731607509030406.gpf
       position[um]:  74721.000000,62027.000000 (map:absolute)
       dose[uC/cm2]:  400.000000
Selected map       :  
PG Mode: UPG
Elapsed time for pattern 0:0:23.48

Layout Cell 2 1 of 2x2_2nd
script_init: installing error handlers

Layout Cell 2 2 of 2x2_2nd
script_init: installing error handlers
Plugin Cell 2x2_4th_PLUGIN
script_init: installing error handlers
lay_expose = 
cjob_do: expose identifier
layer identifier       : AP400_1nA_bss5
id                     : AP400_1nA_bss5
sym                    :               
font                   : helvetica
ascent                 : 0
descent                : 0
bitmap width           : 193
bitmap height          : 0
invert                 : 0
orientation            : NORMAL
placement              : CENTER,LINE
pixelsize              : 2.000000,2.000000 um

sub_msf                : 10,10
high tension           : 100.000000 kV
resolution             : 5.000000,5.000000 nm
beamstepsize           : 5.000000,5.000000 nm
main resolution        : 0.500000,0.500000 nm
sub resolution         : 0.500000,0.500000 nm
main_bits              : 20
sub_bits               : 14
main_msf               : 10,10
sub_msf                : 10,10
max main field         : 524.288000 um
max sub field          : 4.525000 um
Open record file /home/pg/users/elliot/patterns/cjob/.identifier for writing!

Pattern name         : identifier_1731607509030406.gpf
File name            : /home/pg/users/elliot/patterns/cjob/identifier_1731607509030406.gpf

Format               : GPF: external memory mode
Shape Type           : TRAPEZIUM
Number of Blocks     : 5
Main field placement : FLOATING
Sub field placement  : LOWERLEFT
Fracture style       : SUBFIELD
Number of Main bits  : 20
Number of Sub bits   : 14
Work Level           : 1
Number freq. factors : 1
Minimum frequency    : 1.000000
Maximum frequency    : 1.000000
Reference frequency    : 0x80000000
Pixel time           : 196960000.000000 (1.9696e+08)
High Tension         : 100 kV
Block size           :       200.00000000 um,      200.00000000 um
Pattern size         :       876.00000000 um,      108.00000000 um
Resolution           :         0.00500000 um
Beamstepsize         :         0.00500000 um
Main resolution      :         0.00050000 um
Trap resolution      :         0.00050000 um
select pattern /home/pg/users/elliot/patterns/cjob/identifier_1731607532632890.gpf
Calculated base frequency:   10.0760 MHz
Expose pattern     :  /home/pg/users/elliot/patterns/cjob/identifier_1731607532632890.gpf
       position[um]:  77221.000000,64527.000000 (map:absolute)
       dose[uC/cm2]:  400.000000
Selected map       :  
PG Mode: UPG
Elapsed time for pattern 0:0:16.94

Layout Cell 1 2 of 2x2_2nd
script_init: installing error handlers
Plugin Cell 2x2_3rd_PLUGIN
script_init: installing error handlers
lay_expose = 
cjob_do: expose identifier
layer identifier       : AP300_1nA_bss5
id                     : AP300_1nA_bss5
sym                    :               
font                   : helvetica
ascent                 : 0
descent                : 0
bitmap width           : 193
bitmap height          : 0
invert                 : 0
orientation            : NORMAL
placement              : CENTER,LINE
pixelsize              : 2.000000,2.000000 um

sub_msf                : 10,10
high tension           : 100.000000 kV
resolution             : 5.000000,5.000000 nm
beamstepsize           : 5.000000,5.000000 nm
main resolution        : 0.500000,0.500000 nm
sub resolution         : 0.500000,0.500000 nm
main_bits              : 20
sub_bits               : 14
main_msf               : 10,10
sub_msf                : 10,10
max main field         : 524.288000 um
max sub field          : 4.525000 um
Open record file /home/pg/users/elliot/patterns/cjob/.identifier for writing!

Pattern name         : identifier_1731607532632890.gpf
File name            : /home/pg/users/elliot/patterns/cjob/identifier_1731607532632890.gpf

Format               : GPF: external memory mode
Shape Type           : TRAPEZIUM
Number of Blocks     : 4
Main field placement : FLOATING
Sub field placement  : LOWERLEFT
Fracture style       : SUBFIELD
Number of Main bits  : 20
Number of Sub bits   : 14
Work Level           : 1
Number freq. factors : 1
Minimum frequency    : 1.000000
Maximum frequency    : 1.000000
Reference frequency    : 0x80000000
Pixel time           : 159680000.000000 (1.5968e+08)
High Tension         : 100 kV
Block size           :       200.00000000 um,      200.00000000 um
Pattern size         :       772.00000000 um,      108.00000000 um
Resolution           :         0.00500000 um
Beamstepsize         :         0.00500000 um
Main resolution      :         0.00050000 um
Trap resolution      :         0.00050000 um
select pattern /home/pg/users/elliot/patterns/cjob/identifier_1731607549659542.gpf
Calculated base frequency:   10.0760 MHz
Expose pattern     :  /home/pg/users/elliot/patterns/cjob/identifier_1731607549659542.gpf
       position[um]:  74721.000000,64527.000000 (map:absolute)
       dose[uC/cm2]:  400.000000
Selected map       :  
PG Mode: UPG
Elapsed time for pattern 0:0:16.86

cjob_do: pg deselect map substrate
Elapsed time for layout 2x2_3rd_PLUGIN 0:0:57.59
cjob_clear: pg layout clear
cjob_clear: pg deselect map substrate

cjob_calibrate:
pg deselect pattern
pg select pattern MaN_Si_5nm.gpf
pg archive restore beam 1na_300.beam_100
 Delay with 60_s
 Type Ctrl-C to abort or change BEAMPAR to alter delay 
..............................
The saved final aperture is not equal to the current  setting.
The correct aperture (300 um) will be selected and adjusted.
...


Automatic aperture changer.
Errors will be automatically adjusted by using the final lens method.
This command should finish by itselve or can be canceled with CTRL_C.

           LEFT KNOB                *          RIGHT KNOB               *
              *                   -0.03               *                   -0.03
              *                   -0.00               *                   -0.04
             *I                   -0.05              *I                   -0.06
              *                    0.03              *I                   -0.07
             *I                   -0.05               *                    0.02
              *                    0.02               *                   -0.00
              *                   -0.03               *                   -0.00
              *                    0.03               *                   -0.02
              *                    0.02               *                   -0.03
              *                    0.03               *                    0.00
              *                    0.03               *                   -0.01
              *                    0.04               *                    0.00
              *                    0.01               *                    0.00
              *                   -0.01               *                    0.00
Restoring final lens value
pg adjust ebpg

cjob_info:
pg information parameters

 Beams Version  :  v09_16a build: Thu Jun 20 12:04:10 CEST 2024

 MBSBASE        :  50.0_us
 MBSFACTOR      :  500_ns/um
 MBSFOCUS       :  500_ns/um

 SBSBASE        :  500_ns
 SBSFACTOR      :  500_ns/um

 IMAGEMBSBASE   :  10.0_us
 IMAGEMBSFACTOR :  100_ns/um

 IMAGESBSBASE   :  50_ns
 IMAGESBSFACTOR :  500_ns/um

 SEMMBSBASE     :  -1_ns
 SEMMBSFACTOR   :  -1_ns/um

 SEMSBSBASE     :  200_ns
 SEMSBSFACTOR   :  300_ns/um

 SEMRATE        :  0
 SEMMODE        :  8
   0: Analog Sawtooth         1: Digital Sawtooth      
   2: Digital Main Only       3: Main Only Meander     
   4: Digital Sub Preferred   5: Sub Preferred Meander 
   6: Digital Hybrid          7: Hybrid Meander        
   8: Automatic             

 MOVPAR         :  100_ms

 MDCOM          :   2.0_nm   MDCOMMAX     :  15.0_nm  
 TDCOM          :   2.0_nm   TDCOMMAX     :  15.0_nm  
 PICOM          :   2.0_nm   PICOMMAX     :  15.0_nm  

 PAUSE_EXPOSE   :  0
 Value:
   0: No Pause.
   1: Pause at start of pattern.
   2: Pause at start of block.
   3: Pause at start of DO_LOOP.

 BEAMAPERTINV   :  1  
   0 : archive restore beam: only select and adjust aperture if needed
   1 : archive restore beam: always adjust aperture 
   2 : archive restore beam: only select the aperture if needed, do not adjust 

 BCMINV         :  1    ( 0:Warning, 1:Error )
 BEAMPARINV     :  1    ( 0:Skip delay, 1:Wait BEAMPAR seconds)
 BLOCKPRINT     :  OFF

 CALINV         :  1    ( 0:Off, 1:Block, 2:Cell, 3:Marker Field )
 CALREALIGN     :  ON - abort on error
 CALPRINT       :  ON
 CALDRIFT       :   5_minutes 
 CALFULL        :  60_minutes 
 FFSHIFTINV     :  OFF  ( experimental! )

 HMAPINV        :  OFF
 HMAPTILTINV    :  OFF
 HMAPMODE       :  0    
 Value:
   0: Use calculated value.( from coefficients)
   1: Measure height, use HMAPACCURACY  = 2.0_um
   2: Measure height, use HMAPCRITERION = 3.0
   3: Measure height, use HMAPLOWLIM    = 0.0_um
                      and HMAPHIGHLIM   = 0.0_um
   4: Use interpolated value.

 HGTINV         :  ON
 HGTMODE        :  0    
 Value:
   0: Message, write cell.
   1: No message, write cell.
   2: Message, no write cell.
   3: No message, no write cell.
   4: Height measure during stage move, message write cell.
   5: Height measure during stage move, no message, write cell.
   6: Height measure during stage move, message, no write cell.
   7: Height measure during stage move, no message, no write cell.

 HEIGHTOFFSET   :  0.0 um
 MATRIX         :  OFF

 TABRC          :  2
   0: rotation compensation table disabled.
   1: rotation compensation table enabled.
   2: table enabled with interpolation routine activated.
 TABRCOFFSET    :  1,1

UPG specific:
 EXPOSUREMODE     :  0
  0 : use fracture mode from GPF file.
  1 : force upgrade to hr (high-resolution) mode.
  3 : force upgrade to hr smooth mode (UPG only)
  5 : force upgrade to hr spiral mode (UPG only)
  7 : force upgrade to hr smooth and spiral mode (UPG only).

pg information ebpg version
MACHINE: EBPG 5150 HS
MACH ID: B063
BEAMS  : v09_16a build: Thu Jun 20 12:04:10 CEST 2024

DATA BASE: 0002.0018

UPG:
  Software : 4.60
  Board    : crate 15: pev-linux
  Driver   : 4.60

UPG:
  Firmware version : 05.00.230704.0fda48a46
  PG PLD version   : 1.0.5 build 337 (0x08050151)

ALD:
  ALD type         : OLD TYPE ALD

MDD:
  MDD type         : MDD
  EI-link version  : 6
  PG-link version  : 9
  MDAC version     : 0
  MDAC strike,issue: 0,0
  MDAC bits        : 20
  MDAC corr bits   : 16

MDP:
  MDP_X type      : old type MDP
  MDP_X Firmware  : 3
  MDP_X boardType : HR/HS defined by hardware (0)
  MDP_Y type      : old type MDP
  MDP_Y Firmware  : 3
  MDP_Y boardType : HR/HS defined by hardware (0)

TDD:
  TDD_X type      : old type TDD
  TDD_Y type      : old type TDD

Video Driver:
  PMD board       : old type PMD

Beam Blanker:
  BBS board       : old type BBS

LSC:
  X: LSC 03.00.86
  Y: LSC 03.00.86

SMC:
  Longitudinal: 1VE SMC_CC - Controller-driver version  3. 1. 2
  Transversal : 2VE SMC_CC - Controller-driver version  3. 1. 2
  connection  : via ethernet
  options     : full, including adjust aperture

HT:
  FUG high tension unit

Vacuum Controller:
  SPLC 2.06


pg information select holder
Holder id          : 10
Holder name        : "AH788"
Holder description : "5"_mask"
Holder size        : 5.0_inch
Cup position       : 14.820_mm,20.490_mm
Marker position    : 11.439_mm,15.712_mm
Holder centre      : 80.000_mm,76.000_mm

pg information select pattern

Pattern name         : MaN_Si_5nm.gpf
File name            : /home/pg/users/elliot/patterns/MaN_Si_5nm.gpf

Format               : GPF: external memory mode
Shape Type           : TRAPEZIUM
Number of Blocks     : 90
Main field placement : FLOATING
Sub field placement  : LOWERLEFT
Fracture style       : SUBFIELD HIGHRESOLUTION
Number of Main bits  : 20
Number of Sub bits   : 14
Work Level           : 1
Number freq. factors : 153
Minimum frequency    : 0.408397
Maximum frequency    : 1.853225
Reference frequency    : 0x80000000
Pixel time           : 40232649278.000000 (4.02326e+10)
High Tension         : 100 kV
Block size           :       200.00000000 um,      200.00000000 um
Pattern size         :      2025.00000000 um,     2208.75000000 um
Resolution           :         0.00500000 um
Beamstepsize         :         0.00500000 um
Main resolution      :         0.00050000 um
Trap resolution      :         0.00050000 um

pg information adjust beam

Current column set-up
Last restored file: /home/pg/archive/1na_300.beam_100
Date: 04:06 15-NOV-2024

High Tension           :      100 kV     Final Aperture      :      300 um

Gun control :
bias voltage           :  -400.00  V     filament current    :     2.31  A
Extractor   voltage    :  5850.00  V     current             :   190.03 uA
tilt  X         41740  :   37.425 mA     tilt  Y      38175  :   20.996 mA
shift X         25800  :  -27.049 mA     shift Y      21800  :  -23.093 mA
AD setpoint dac 100kV  :     4095

Lens control:
Final lens      40940  :  3.99825  A
C1 setting      19452  : 3890.400  V     C2 setting   30602  :  0.96359  A

Beam quality:
Fine Focus dac         :     1938
Diagonal Stigmator dac :     2401        Axis Stigmator dac  :     2212

measured spotsize      :    0.026 um     beamcurrent         :    1.007 nA
PMHV setting (dac)     :     1997
BEAMPAR setting        :     60.0 s
Spot defocussed with FL 0 bits
Spot defocussed with FFOFFSET 0 bits

pg information adjust ebpg /sensitivity

Beam diameter       :           24 nm ,           28 nm  current :  1.007 nA

resolution          :     5.000000 nm ,     5.000000 nm
beam step size      :     5.000000 nm ,     5.000000 nm
main resolution     :     0.500000 nm ,     0.500000 nm  [10,10]
trap resolution     :     0.500000 nm ,     0.500000 nm  [10,10]
max. main field size:   524.288000 um ,   524.288000 um
max. trap field size:     4.525000 um ,     4.525000 um
tdd shift           :            3666 ,            3666

main compensation               x:  200.000 um    y:  200.000 um

trap compensation               x:    4.525 um    y:    4.525 um

the deflection compensation settings:
                               main     rel  trapezium  rel  pull-in
                             (16bits)         (12bits)      (16bits)
x gain     [bit]       :      30465       0    2123       0  33953
y gain     [bit]       :      33182       0    1860       0  34191
x rotation [bit]       :      32938       0    1723       0  39543
y rotation [bit]       :      32767       0    2050       0  29603
x keystone [bit]       :      32717       0
y keystone [bit]       :      26420       0

table translation settings      x:    0.000 um    y:    0.000 um
main beam deflection settings   x:    0.000 um    y:    0.000 um

the deflection compensation sensitivities:
(with respect to centre of the deflection field)
                              main       trapezium     pull-in
                             (16bits)     (12bits)    (16bits)
x gain     [ppm/bit]   :      0.5991       13.129      1.1652
y gain     [ppm/bit]   :      0.5980       13.309      1.1481
x rotation [ppm/bit]   :      0.3059        5.946      2.3947
y rotation [ppm/bit]   :      0.3056        5.541      2.4174
x keystone [ppm/mm/bit]:      0.1018
y keystone [ppm/mm/bit]:      0.1014
Calculated frequencies:
  Base frequency   :   11.5131 MHz
  Maximum frequency:   21.3364 MHz
  Minimum frequency:    4.7019 MHz


the last adjust main comp height @ relative position ***,*** um : 
-7.900 um
Spot defocussed with FL 0 bits
Spot defocussed with FFOFFSET 0 bits

pg information dcd
Last restored file: /home/pg/archive/perftest.dcd_100
Date: 01:38 11-NOV-2024

Main:                 Trap:               Stigmator:      SEM:
mddx2    39489,28337  tddxx    2028,1930  fspascor  2047  dcvmdmzoom    1
mddx2-dac39489,28337
mddy2    33391,30013  tddxy    2141,2049  fspdscor  2047  dcvmdmpan     0,   0
mddy2-dac33391,30013
mddxy2   27644,28126  tddxxy   2048,2029  fspffcor  2047  mdpsem     2591,2175
mddyx2   36559,28302  tddxx2   2078,2100  fspasfunc    0  dcvmdmstep   32
mddx3    27496,27490  tddxy2   2130,2074  fspdsfunc    0  dcvmdmrate    5
mddy3    36979,29694  tddyx    2006,2096  fspfffunc    0
mddorth  30120,34016  tddyy    2031,2201  dcvdc       31
mdpgain   2018, 2557  tddyxy   2017,2044
mdpvout   2188,  100  tddyx2   2025,2068
mdpslow      0,    0  tddyy2   2018,2081
Beam Blanker:                             Pattern Generator:
bbsmode               PN                  beamondelay         39.00_ns
bbshvadjust           80.00_%,80.00_%     beamoffdelay        46.00_ns
bbszeroadjust          0.00_%, 0.00_%     negativecommondelay 64.00_ns

mbsbase               50000_ns            sbsbase               500_ns
mbsfactor               500_ns/um         sbsfactor             500_ns/um
mbsfocus                500_ns/um

cjob_performance:
None

cjob_do: layout: 2x2_3rd
centre         [um] :  75971.000000,64477.000000
origin         [um] :  0.000000,0.000000
cells               :  2,2
vector 1       [um] :  2500.000000,0.000000
vector 2       [um] :  0.000000,2500.000000
scan mode main      :  serpentine
current mapping     :  absolute
mapping             :  
CALINV  = 1

Layout Cell 1 1 of 2x2_3rd
script_init: installing error handlers

Layout Cell 2 1 of 2x2_3rd
script_init: installing error handlers

Layout Cell 2 2 of 2x2_3rd
script_init: installing error handlers
Plugin Cell 2x2_6th_PLUGIN
script_init: installing error handlers
lay_dose_update = 
lay_expose = 
cjob_do: expose pattern, started at 04:08:44

select pattern MaN_Si_5nm.gpf
Calculated frequencies:
  Base frequency   :   11.5131 MHz
  Maximum frequency:   21.3364 MHz
  Minimum frequency:    4.7019 MHz

Expose pattern     :  MaN_Si_5nm.gpf
       position[um]:  77221.000000,65727.000000 (map:absolute)
       dose[uC/cm2]:  350.000000
Selected map       :  
PG Mode: UPG

cal drift 04:15 ; -11_nm,6_nm   -1.7_nm/min,1.0_nm/min
   block: 8   Abs coord: 77.676_mm,64.835_mm

cal drift 04:21 ; -9_nm,0_nm   -1.6_nm/min,-0.1_nm/min
   block: 12   Abs coord: 77.076_mm,65.035_mm

cal drift 04:27 ; -7_nm,0_nm   -1.2_nm/min,0.1_nm/min
   block: 20   Abs coord: 77.276_mm,65.235_mm

cal drift 04:32 ; -2_nm,-3_nm   -0.5_nm/min,-0.5_nm/min
   block: 24   Abs coord: 77.476_mm,65.435_mm

cal drift 04:37 ; -5_nm,0_nm   -1.0_nm/min,0.1_nm/min
   block: 29   Abs coord: 76.491_mm,65.435_mm

cal drift 04:43 ; -2_nm,0_nm   -0.5_nm/min,-0.1_nm/min
   block: 37   Abs coord: 77.676_mm,65.835_mm

cal drift 04:49 ; -3_nm,1_nm   -0.6_nm/min,0.3_nm/min
   block: 43   Abs coord: 76.491_mm,65.835_mm

cal drift 04:55 ; -1_nm,0_nm   -0.3_nm/min,0.0_nm/min
   block: 52   Abs coord: 77.476_mm,66.235_mm

cal drift 05:00 ; 0_nm,1_nm   0.0_nm/min,0.2_nm/min
   block: 62   Abs coord: 77.276_mm,66.435_mm

cal drift 05:05 ; 0_nm,0_nm   0.0_nm/min,0.0_nm/min
   block: 70   Abs coord: 77.076_mm,66.635_mm

cal full  05:09 ; drift: 0_nm,0_nm
shift: 0.9_nm,1.7_nm  current: 1.01_nA  delta: 0_pA  spot: 25_nm,31_nm
   block: 86   Abs coord: 77.931_mm,64.830_mm
Elapsed time for pattern 1:1:17.36

Layout Cell 1 2 of 2x2_3rd
script_init: installing error handlers
Plugin Cell 2x2_5th_PLUGIN
script_init: installing error handlers
lay_dose_update = 
lay_expose = 
cjob_do: expose pattern, started at 05:10:01

select pattern MaN_Si_5nm.gpf
Calculated frequencies:
  Base frequency   :   11.5097 MHz
  Maximum frequency:   21.3301 MHz
  Minimum frequency:    4.7005 MHz

Expose pattern     :  MaN_Si_5nm.gpf
       position[um]:  74721.000000,65727.000000 (map:absolute)
       dose[uC/cm2]:  350.000000
Selected map       :  
PG Mode: UPG

cal drift 05:14 ; -3_nm,0_nm   -0.7_nm/min,-0.1_nm/min
   block: 7   Abs coord: 74.976_mm,64.835_mm

cal drift 05:21 ; -2_nm,-1_nm   -0.4_nm/min,-0.2_nm/min
   block: 11   Abs coord: 74.776_mm,65.035_mm

cal drift 05:26 ; -4_nm,0_nm   -0.9_nm/min,-0.2_nm/min
   block: 18   Abs coord: 74.376_mm,65.235_mm

cal drift 05:32 ; -4_nm,-4_nm   -0.6_nm/min,-0.7_nm/min
   block: 23   Abs coord: 75.176_mm,65.435_mm

cal drift 05:37 ; -1_nm,0_nm   -0.3_nm/min,0.1_nm/min
   block: 27   Abs coord: 74.376_mm,65.435_mm

cal drift 05:43 ; 0_nm,0_nm   -0.1_nm/min,0.0_nm/min
   block: 36   Abs coord: 75.176_mm,65.635_mm

cal drift 05:49 ; -1_nm,-2_nm   -0.2_nm/min,-0.4_nm/min
   block: 41   Abs coord: 74.376_mm,65.835_mm

cal drift 05:54 ; -3_nm,-1_nm   -0.7_nm/min,-0.4_nm/min
   block: 50   Abs coord: 75.176_mm,66.035_mm

cal drift 05:59 ; -2_nm,-3_nm   -0.5_nm/min,-0.8_nm/min
   block: 56   Abs coord: 74.176_mm,66.235_mm

cal drift 06:05 ; -2_nm,-3_nm   -0.4_nm/min,-0.6_nm/min
   block: 66   Abs coord: 75.431_mm,66.655_mm

cal full  06:10 ; drift: 0_nm,0_nm
shift: 2.3_nm,2.7_nm  current: 1.01_nA  delta: 0_pA  spot: 22_nm,28_nm
   block: 85   Abs coord: 75.431_mm,65.030_mm
Elapsed time for pattern 1:1:9.07

cjob_do: pg deselect map substrate
Elapsed time for layout 2x2_5th_PLUGIN 2:2:26.54
0,0
0,0
0,0
0,0
0,0
restore relative correction DACS
cjob_finish: pg layout clear
cjob_finish: pg deselect map substrate
cjob_finish: pg delete marker cjob_marker_*
%ENG_W_MAIDOE      -  MRK: specified marker ident text does not exist 
cjob_finish: pg adjust spot
cjob_finish: pg table_position /delete cjob_*
%ENG_W_NOTABDEF    -  Table position identifier not defined 
cjob_finish: pg map substrate cjob_* delete
%ENG_W_NOMAPDEF    -  Substrate mapping mode not defined 
remove dot files from $PG_PATTERNS/cjob
cjob_finish: pg move marker
position pattern

74721.000,63227.000 /home/pg/users/elliot/patterns/MaN_Si_2nm.gpf
74721.000,62027.000 /home/pg/users/elliot/patterns/cjob/identifier_1731607509030406.gpf
77221.000,64527.000 /home/pg/users/elliot/patterns/cjob/identifier_1731607532632890.gpf
74721.000,64527.000 /home/pg/users/elliot/patterns/cjob/identifier_1731607549659542.gpf
77221.000,65727.000 /home/pg/users/elliot/patterns/MaN_Si_5nm.gpf
74721.000,65727.000 /home/pg/users/elliot/patterns/MaN_Si_5nm.gpf

Elapsed time for layout MaN_Si 4:12:59.82
NO UNLOAD
  because <nounload> selected

Job status:   FINISHED

Mail to:      h.cheng6@uq.edu.au

Elapsed time: 04:13:02
